1
0.13
0.11
0.10
0.09
0.10
0.11
0.09
0.10
0.09
0.10
2
0.19
0.20
0.22
0.20
0.20
0.20
0.19
0.20
0.21
0.19
3
0.29
0.30
0.30
0.31
0.28
0.29
0.29
0.31
0.29
0.31
4
0.38
0.41
0.38
0.41
0.41
0.39
0.40
0.40
0.39
0.39
5
0.51
0.49
0.50
0.49
0.50
0.50
0.51
0.49
0.50
0.49
6
0.59
0.58
0.59
0.60
0.58
0.59
0.59
0.59
0.59
0.60
7
0.69
0.69
0.66
0.68
0.70
0.69
0.70
0.68
0.70
0.70
8
0.79
0.79
0.78
0.81
0.80
0.80
0.81
0.80
0.78
0.81
9
0.90
0.86
0.88
0.88
0.89
0.90
0.89
0.89
0.89
0.88
10
1.00
0.99
0.98
0.95
0.98
0.98
1.00
0.99
0.99
0.99
11
1.10
1.10
1.10
1.10
1.08
1.13
1.10
1.11
1.09
1.11
12
1.27
1.23
1.20
1.22
1.22
1.22
1.21
1.21
1.21
1.25
13
1.32
1.30
1.27
1.28
1.29
1.30
1.31
1.27
1.37
1.33
14
1.42
1.44
1.40
1.42
1.41
1.42
1.42
1.40
1.40
1.41
15
1.50
1.49
1.50
1.52
1.49
1.50
1.50
1.49
1.49
1.52
16
1.61
1.64
1.59
1.56
1.60
1.66
1.60
1.61
1.58
1.56
17
1.72
1.67
1.68
1.73
1.72
1.71
1.73
1.71
1.68
1.69
18
1.80
1.77
1.81
1.78
1.82
1.78
1.78
1.78
1.80
1.78
19
1.91
1.90
1.96
1.94
1.96
1.96
1.96
1.96
1.93
1.92
20
2.01
2.00
2.02
2.01
2.00
1.98
1.99
2.00
2.03
1.99
