
1
0.00
0.00
0.00
0.05
0.00
0.00
0.00
0.05
0.00
0.00

2
0.06
0.01
0.04
0.01
0.01
0.05
0.01
0.05
0.01
0.01

3
0.06
0.01
0.06
0.01
0.04
0.01
0.04
0.01
0.04
0.01

4
0.05
0.05
0.02
0.05
0.05
0.02
0.04
0.01
0.02
0.04

5
0.02
0.05
0.05
0.02
0.04
0.04
0.05
0.02
0.04
0.04

6
0.03
0.03
0.05
0.05
0.05
0.02
0.02
0.04
0.05
0.05

7
0.06
0.06
0.08
0.06
0.06
0.06
0.06
0.06
0.06
0.06

8
0.08
0.10
0.08
0.10
0.08
0.10
0.08
0.10
0.10
0.08

9
0.16
0.14
0.13
0.14
0.14
0.13
0.13
0.16
0.14
0.14

10
0.18
0.20
0.20
0.20
0.21
0.22
0.20
0.18
0.20
0.21

11
0.29
0.29
0.30
0.30
0.29
0.38
0.37
0.38
0.39
0.38

12
0.52
0.52
0.52
0.51
0.58
0.53
0.57
0.52
0.52
0.52

13
0.64
0.66
0.69
0.69
0.69
0.69
0.65
0.70
0.70
0.69

14
0.94
0.91
0.87
0.94
0.92
0.92
0.91
0.91
0.90
0.87

15
1.21
1.21
1.17
1.19
1.19
1.23
1.19
1.18
1.17
1.18

16
1.52
1.56
1.54
1.51
1.47
1.51
1.56
1.60
1.56
1.51

17
1.94
1.94
1.96
1.95
1.95
1.94
1.97
1.88
1.94
1.89

18
2.44
2.44
2.48
2.42
2.46
2.43
2.45
2.44
2.46
2.51

19
2.99
3.08
3.05
3.06
3.06
3.04
3.07
3.12
3.14
3.17

20
3.93
3.85
3.84
3.84
3.90
3.89
3.85
3.85
3.86
3.80

