
1
0.18
0.18
0.19
0.21
0.22
0.21
0.21
0.22
0.22
0.21

2
0.25
0.22
0.22
0.20
0.18
0.19
0.18
0.18
0.17
0.16

3
0.24
0.23
0.26
0.22
0.23
0.25
0.26
0.27
0.22
0.24

4
0.36
0.30
0.30
0.34
0.32
0.30
0.32
0.31
0.32
0.33

5
0.42
0.43
0.41
0.41
0.43
0.46
0.48
0.40
0.43
0.38

6
0.50
0.51
0.48
0.55
0.49
0.49
0.53
0.50
0.50
0.50

7
0.60
0.65
0.58
0.62
0.61
0.65
0.66
0.57
0.66
0.63

8
0.74
0.74
0.75
0.69
0.69
0.71
0.75
0.74
0.66
0.72

9
0.82
0.81
0.85
0.80
0.87
0.79
0.85
0.81
0.82
0.82

10
0.99
0.96
1.02
0.92
0.93
0.92
1.00
0.93
0.95
0.95

11
1.15
1.07
1.05
1.08
1.09
1.02
1.11
1.07
1.05
1.06

12
1.23
1.17
1.18
1.26
1.21
1.26
1.25
1.20
1.23
1.23

13
1.39
1.44
1.37
1.28
1.31
1.35
1.27
1.36
1.31
1.30

14
1.44
1.48
1.47
1.43
1.48
1.48
1.49
1.43
1.40
1.35

15
1.54
1.54
1.47
1.55
1.46
1.48
1.56
1.55
1.59
1.48

16
1.68
1.72
1.68
1.69
1.69
1.67
1.74
1.66
1.68
1.63

17
1.83
1.84
1.81
1.84
1.82
1.74
1.79
1.74
1.77
1.84

18
1.87
2.03
1.98
1.99
1.95
1.90
1.97
1.98
1.92
2.00

19
2.12
2.14
2.17
2.14
2.09
2.09
2.13
2.14
2.04
2.06

20
2.35
2.24
2.28
2.28
2.24
2.22
2.24
2.25
2.35
2.25

