
1
0.12
0.12
0.11
0.10
0.10
0.10
0.10
0.10
0.10
0.10

2
0.21
0.20
0.21
0.20
0.20
0.20
0.20
0.20
0.20
0.21

3
0.31
0.33
0.31
0.31
0.30
0.31
0.32
0.30
0.30
0.31

4
0.41
0.41
0.41
0.41
0.41
0.41
0.41
0.41
0.41
0.41

5
0.51
0.51
0.51
0.51
0.51
0.51
0.51
0.51
0.52
0.52

6
0.62
0.62
0.61
0.62
0.62
0.62
0.62
0.64
0.64
0.63

7
0.73
0.75
0.74
0.76
0.75
0.75
0.74
0.74
0.75
0.75

8
0.85
0.85
0.84
0.84
0.83
0.84
0.84
0.86
0.87
0.83

9
0.93
0.94
0.93
0.93
0.94
0.93
0.93
0.95
0.93
0.93

10
1.06
1.03
1.03
1.03
1.02
1.04
1.04
1.04
1.08
1.04

11
1.13
1.13
1.14
1.13
1.12
1.13
1.13
1.13
1.14
1.14

12
1.24
1.24
1.28
1.27
1.26
1.25
1.29
1.37
1.37
1.26

13
1.37
1.39
1.37
1.35
1.35
1.35
1.34
1.35
1.35
1.34

14
1.45
1.44
1.44
1.45
1.45
1.45
1.45
1.45
1.46
1.46

15
1.57
1.56
1.56
1.58
1.56
1.57
1.60
1.55
1.56
1.55

16
1.66
1.66
1.65
1.70
1.66
1.66
1.65
1.66
1.65
1.65

17
1.76
1.75
1.74
1.75
1.80
1.75
1.76
1.76
1.80
1.79

18
1.86
1.85
1.87
1.85
1.85
1.84
1.90
1.90
1.90
1.85

19
1.96
1.96
2.01
1.98
1.99
2.00
1.96
1.97
1.96
2.00

20
2.15
2.09
2.05
2.12
2.13
2.12
2.29
2.16
2.13
2.12
